<?xml version="1.0" encoding="UTF-8"?>
<testsuite name="minirx.ObservableTest" tests="1" skipped="0" failures="0" errors="0" timestamp="2025-06-01T09:32:40.585Z" hostname="machine" time="0.016">
  <properties/>
  <testcase name="testMapAndFilter()" classname="minirx.ObservableTest" time="0.016"/>
  <system-out><![CDATA[Filtered & Mapped: 4
Filtered & Mapped: 6
Stream completed
]]></system-out>
  <system-err><![CDATA[]]></system-err>
</testsuite>
